<?xml version="1.0" encoding="UTF-8"?>
<!-- Generated by org.testng.reporters.JUnitReportReporter -->
<testsuite hostname="DESKTOP-UR1OLIF" failures="0" tests="1" name="org.pageObject.TestCases" time="13.598" errors="0" timestamp="2022-10-11T12:29:16 IST" skipped="0">
  <testcase classname="org.pageObject.TestCases" name="loginTest" time="13.598"/>
  <system-out/>
</testsuite> <!-- org.pageObject.TestCases -->
