<?xml version="1.0" encoding="UTF-8"?>
<!-- Generated by org.testng.reporters.JUnitReportReporter -->
<testsuite hostname="DESKTOP-UR1OLIF" failures="0" tests="2" name="org.annotations.BeforeSuiteAnnotation" time="3.003" errors="0" timestamp="2022-02-22T14:46:40 IST" skipped="0">
  <testcase classname="org.annotations.BeforeSuiteAnnotation" name="verifyGoogleTitle" time="1.339"/>
  <system-out/>
  <testcase classname="org.annotations.BeforeSuiteAnnotation" name="launchGoogle" time="1.664"/>
  <system-out/>
</testsuite> <!-- org.annotations.BeforeSuiteAnnotation -->
