<?xml version="1.0" encoding="UTF-8"?>
<!-- Generated by org.testng.reporters.JUnitReportReporter -->
<testsuite hostname="DESKTOP-UR1OLIF" failures="0" tests="2" name="org.annotations.parameters" time="5.963" errors="0" timestamp="2022-02-07T08:49:51 IST" skipped="0">
  <testcase classname="org.annotations.parameters" name="launchGoogle" time="4.153"/>
  <system-out/>
  <testcase classname="org.annotations.parameters" name="verifyGoogleTitle" time="1.810"/>
  <system-out/>
</testsuite> <!-- org.annotations.parameters -->
