<?xml version="1.0" encoding="UTF-8"?>
<!-- Generated by org.testng.reporters.JUnitReportReporter -->
<testsuite hostname="DESKTOP-UR1OLIF" failures="0" tests="1" name="org.parameter.ParameterExp" time="5.127" errors="0" timestamp="2022-02-23T14:47:37 IST" skipped="0">
  <testcase classname="org.parameter.ParameterExp" name="actiLoginWithED" time="5.127"/>
  <system-out/>
</testsuite> <!-- org.parameter.ParameterExp -->
