<?xml version="1.0" encoding="UTF-8"?>
<!-- Generated by org.testng.reporters.JUnitReportReporter -->
<testsuite hostname="DESKTOP-UR1OLIF" failures="0" tests="1" name="org.Testngintro.TestngDemo" time="0.008" errors="0" timestamp="2022-02-06T12:41:40 IST" skipped="0">
  <testcase classname="org.Testngintro.TestngDemo" name="test" time="0.008"/>
  <system-out/>
</testsuite> <!-- org.Testngintro.TestngDemo -->
