<?xml version="1.0" encoding="UTF-8"?>
<!-- Generated by org.testng.reporters.JUnitReportReporter -->
<testsuite hostname="DESKTOP-UR1OLIF" failures="0" tests="1" name="RestAssuredExpamples.DeleteRequest" time="2.542" errors="0" timestamp="2022-10-13T12:47:01 IST" skipped="0">
  <testcase classname="RestAssuredExpamples.DeleteRequest" name="Delete" time="2.542"/>
  <system-out/>
</testsuite> <!-- RestAssuredExpamples.DeleteRequest -->
