<?xml version="1.0" encoding="UTF-8"?>
<!-- Generated by org.testng.reporters.JUnitReportReporter -->
<testsuite hostname="DESKTOP-UR1OLIF" failures="0" tests="1" name="org.Testngintro.TestGoogle" time="8.675" errors="0" timestamp="2022-02-21T19:32:12 IST" skipped="0">
  <testcase classname="org.Testngintro.TestGoogle" name="verifygoogleTitle" time="8.675"/>
  <system-out/>
</testsuite> <!-- org.Testngintro.TestGoogle -->
