<?xml version="1.0" encoding="UTF-8"?>
<!-- Generated by org.testng.reporters.JUnitReportReporter -->
<testsuite hostname="DESKTOP-UR1OLIF" failures="0" tests="2" name="org.invocation.InvocationCountExp1" time="16.171" errors="0" timestamp="2022-02-26T12:04:06 IST" skipped="0">
  <testcase classname="org.invocation.InvocationCountExp1" name="actiLoginWithED" time="7.990"/>
  <system-out/>
  <testcase classname="org.invocation.InvocationCountExp1" name="actiLoginWithED" time="8.181"/>
  <system-out/>
</testsuite> <!-- org.invocation.InvocationCountExp1 -->
