<?xml version="1.0" encoding="UTF-8"?>
<!-- Generated by org.testng.reporters.JUnitReportReporter -->
<testsuite hostname="DESKTOP-UR1OLIF" failures="0" tests="1" name="org.annotations.AnnotationsTest" time="0.008" errors="0" timestamp="2022-02-22T14:34:22 IST" skipped="0">
  <testcase classname="org.annotations.AnnotationsTest" name="test1" time="0.008"/>
  <system-out/>
</testsuite> <!-- org.annotations.AnnotationsTest -->
