<?xml version="1.0" encoding="UTF-8"?>
<!-- Generated by org.testng.reporters.JUnitReportReporter -->
<testsuite hostname="DESKTOP-UR1OLIF" failures="0" tests="3" name="org.ignoretestcases.ExcludeTestCases" time="14.930" errors="0" timestamp="2022-02-07T13:07:32 IST" skipped="1">
  <testcase classname="org.ignoretestcases.ExcludeTestCases" name="launchGoogle" time="8.151"/>
  <system-out/>
  <testcase classname="org.ignoretestcases.ExcludeTestCases" name="verifygoogleTitle" time="6.779"/>
  <system-out/>
  <testcase classname="org.ignoretestcases.ExcludeTestCases" name="test1">
    <skipped/>
  </testcase> <!-- test1 -->
  <system-out/>
</testsuite> <!-- org.ignoretestcases.ExcludeTestCases -->
