<?xml version="1.0" encoding="UTF-8"?>
<!-- Generated by org.testng.reporters.JUnitReportReporter -->
<testsuite hostname="DESKTOP-UR1OLIF" failures="0" tests="2" name="org.parellel.ParellelExp3" time="0.018" errors="0" timestamp="2022-02-22T20:02:42 IST" skipped="0">
  <testcase classname="org.parellel.ParellelExp3" name="test7" time="0.006"/>
  <system-out/>
  <testcase classname="org.parellel.ParellelExp3" name="test6" time="0.012"/>
  <system-out/>
</testsuite> <!-- org.parellel.ParellelExp3 -->
