<?xml version="1.0" encoding="UTF-8"?>
<!-- Generated by org.testng.reporters.JUnitReportReporter -->
<testsuite hostname="DESKTOP-UR1OLIF" failures="0" tests="2" name="org.parellel.ParellelExp1" time="0.012" errors="0" timestamp="2022-03-02T11:17:30 IST" skipped="0">
  <testcase classname="org.parellel.ParellelExp1" name="test" time="0.011"/>
  <system-out/>
  <testcase classname="org.parellel.ParellelExp1" name="test2" time="0.001"/>
  <system-out/>
</testsuite> <!-- org.parellel.ParellelExp1 -->
