<?xml version="1.0" encoding="UTF-8"?>
<!-- Generated by org.testng.reporters.JUnitReportReporter -->
<testsuite hostname="DESKTOP-UR1OLIF" failures="0" tests="2" name="org.parellel.Prallelexp2" time="0.021" errors="0" timestamp="2022-02-23T15:09:04 IST" skipped="0">
  <testcase classname="org.parellel.Prallelexp2" name="test4" time="0.009"/>
  <system-out/>
  <testcase classname="org.parellel.Prallelexp2" name="test3" time="0.012"/>
  <system-out/>
</testsuite> <!-- org.parellel.Prallelexp2 -->
