<?xml version="1.0" encoding="UTF-8"?>
<!-- Generated by org.testng.reporters.JUnitReportReporter -->
<testsuite hostname="DESKTOP-UR1OLIF" failures="0" tests="2" name="org.dataprovider.PartialDataProvideToMethod" time="0.010" errors="0" timestamp="2022-02-08T13:38:25 IST" skipped="0">
  <testcase classname="org.dataprovider.PartialDataProvideToMethod" name="testLogin" time="0.008"/>
  <system-out/>
  <testcase classname="org.dataprovider.PartialDataProvideToMethod" name="testLogin" time="0.002"/>
  <system-out/>
</testsuite> <!-- org.dataprovider.PartialDataProvideToMethod -->
