<?xml version="1.0" encoding="UTF-8"?>
<!-- Generated by org.testng.reporters.JUnitReportReporter -->
<testsuite hostname="DESKTOP-UR1OLIF" failures="0" tests="4" name="org.invocation.ThreadPoolsize" time="0.021" errors="0" timestamp="2022-02-26T12:02:36 IST" skipped="0">
  <testcase classname="org.invocation.ThreadPoolsize" name="test1" time="0.000"/>
  <system-out/>
  <testcase classname="org.invocation.ThreadPoolsize" name="test" time="0.003"/>
  <system-out/>
  <testcase classname="org.invocation.ThreadPoolsize" name="test" time="0.010"/>
  <system-out/>
  <testcase classname="org.invocation.ThreadPoolsize" name="test" time="0.008"/>
  <system-out/>
</testsuite> <!-- org.invocation.ThreadPoolsize -->
