<?xml version="1.0" encoding="UTF-8"?>
<!-- Generated by org.testng.reporters.JUnitReportReporter -->
<testsuite hostname="DESKTOP-UR1OLIF" failures="0" tests="2" name="org.Testngintro.TestIntro" time="6.453" errors="0" timestamp="2022-02-06T13:09:08 IST" skipped="0">
  <testcase classname="org.Testngintro.TestIntro" name="testFacbook" time="3.832"/>
  <system-out/>
  <testcase classname="org.Testngintro.TestIntro" name="testGoogle" time="2.621"/>
  <system-out/>
</testsuite> <!-- org.Testngintro.TestIntro -->
