<?xml version="1.0" encoding="UTF-8"?>
<!-- Generated by org.testng.reporters.JUnitReportReporter -->
<testsuite hostname="DESKTOP-UR1OLIF" failures="0" tests="1" name="org.actitestcases.Demo1" time="4.456" errors="0" timestamp="2022-10-11T12:49:24 IST" skipped="0">
  <testcase classname="org.actitestcases.Demo1" name="browserLaunch" time="4.456"/>
  <system-out/>
</testsuite> <!-- org.actitestcases.Demo1 -->
