<?xml version="1.0" encoding="UTF-8"?>
<!-- Generated by org.testng.reporters.JUnitReportReporter -->
<testsuite hostname="DESKTOP-UR1OLIF" failures="0" tests="1" name="org.asserts.AssertDemo" time="8.132" errors="0" timestamp="2022-02-06T21:48:16 IST" skipped="0">
  <testcase classname="org.asserts.AssertDemo" name="testGoogleTitle" time="8.132"/>
  <system-out/>
</testsuite> <!-- org.asserts.AssertDemo -->
