<?xml version="1.0" encoding="UTF-8"?>
<!-- Generated by org.testng.reporters.JUnitReportReporter -->
<testsuite hostname="DESKTOP-UR1OLIF" failures="0" tests="1" name="RestAssuredExpamples.PostRequest" time="2.958" errors="0" timestamp="2022-10-13T11:28:24 IST" skipped="0">
  <testcase classname="RestAssuredExpamples.PostRequest" name="Post" time="2.958"/>
  <system-out/>
</testsuite> <!-- RestAssuredExpamples.PostRequest -->
