<?xml version="1.0" encoding="UTF-8"?>
<!-- Generated by org.testng.reporters.JUnitReportReporter -->
<testsuite hostname="DESKTOP-UR1OLIF" failures="0" tests="3" name="org.dataprovider.DataProviderExp2" time="21.031" errors="0" timestamp="2022-03-08T19:25:09 IST" skipped="0">
  <testcase classname="org.dataprovider.DataProviderExp2" name="actiLogin" time="6.355"/>
  <system-out/>
  <testcase classname="org.dataprovider.DataProviderExp2" name="actiLogin" time="9.546"/>
  <system-out/>
  <testcase classname="org.dataprovider.DataProviderExp2" name="actiLogin" time="5.130"/>
  <system-out/>
</testsuite> <!-- org.dataprovider.DataProviderExp2 -->
