<?xml version="1.0" encoding="UTF-8"?>
<!-- Generated by org.testng.reporters.JUnitReportReporter -->
<testsuite hostname="DESKTOP-UR1OLIF" failures="0" tests="1" name="SwitchToSpecificWindow" time="21.213" errors="0" timestamp="2022-09-24T14:43:25 IST" skipped="0">
  <testcase classname="SwitchToSpecificWindow" name="getWindowSwitch" time="21.213"/>
  <system-out/>
</testsuite> <!-- SwitchToSpecificWindow -->
