<?xml version="1.0" encoding="UTF-8"?>
<!-- Generated by org.testng.reporters.JUnitReportReporter -->
<testsuite hostname="DESKTOP-UR1OLIF" failures="0" tests="1" name="RestAssuredExpamples.putRequest" time="2.916" errors="0" timestamp="2022-10-13T12:06:23 IST" skipped="0">
  <testcase classname="RestAssuredExpamples.putRequest" name="patch" time="2.916"/>
  <system-out/>
</testsuite> <!-- RestAssuredExpamples.putRequest -->
