<?xml version="1.0" encoding="UTF-8"?>
<!-- Generated by org.testng.reporters.JUnitReportReporter -->
<testsuite hostname="DESKTOP-UR1OLIF" failures="0" tests="3" name="org.dataprovider.DataProviderExp" time="33.888" errors="0" timestamp="2022-02-21T19:42:59 IST" skipped="0">
  <testcase classname="org.dataprovider.DataProviderExp" name="testLogin" time="11.529"/>
  <system-out/>
  <testcase classname="org.dataprovider.DataProviderExp" name="testLogin" time="11.966"/>
  <system-out/>
  <testcase classname="org.dataprovider.DataProviderExp" name="testLogin" time="10.393"/>
  <system-out/>
</testsuite> <!-- org.dataprovider.DataProviderExp -->
