<?xml version="1.0" encoding="UTF-8"?>
<!-- Generated by org.testng.reporters.JUnitReportReporter -->
<testsuite hostname="DESKTOP-UR1OLIF" failures="0" tests="8" name="org.grouping.TestGroups" time="0.032" errors="0" timestamp="2022-03-02T11:07:27 IST" skipped="0">
  <testcase classname="org.grouping.TestGroups" name="test2" time="0.001"/>
  <system-out/>
  <testcase classname="org.grouping.TestGroups" name="test3" time="0.005"/>
  <system-out/>
  <testcase classname="org.grouping.TestGroups" name="test5" time="0.003"/>
  <system-out/>
  <testcase classname="org.grouping.TestGroups" name="test7" time="0.001"/>
  <system-out/>
  <testcase classname="org.grouping.TestGroups" name="test9" time="0.009"/>
  <system-out/>
  <testcase classname="org.grouping.TestGroups" name="test6" time="0.001"/>
  <system-out/>
  <testcase classname="org.grouping.TestGroups" name="test8" time="0.001"/>
  <system-out/>
  <testcase classname="org.grouping.TestGroups" name="test1" time="0.011"/>
  <system-out/>
</testsuite> <!-- org.grouping.TestGroups -->
