<?xml version="1.0" encoding="UTF-8"?>
<!-- Generated by org.testng.reporters.JUnitReportReporter -->
<testsuite hostname="DESKTOP-UR1OLIF" failures="0" tests="1" name="org.Testngintro.TestFacebook" time="4.372" errors="0" timestamp="2022-03-02T11:27:18 IST" skipped="0">
  <testcase classname="org.Testngintro.TestFacebook" name="launchFacebook" time="4.372"/>
  <system-out/>
</testsuite> <!-- org.Testngintro.TestFacebook -->
