<?xml version="1.0" encoding="UTF-8"?>
<!-- Generated by org.testng.reporters.JUnitReportReporter -->
<testsuite hostname="DESKTOP-UR1OLIF" failures="0" tests="2" name="RestAssuredExpamples.getRequest" time="2.756" errors="0" timestamp="2022-10-14T16:38:59 IST" skipped="0">
  <testcase classname="RestAssuredExpamples.getRequest" name="getRequestLoginTest" time="2.543"/>
  <system-out/>
  <testcase classname="RestAssuredExpamples.getRequest" name="getTest" time="0.213"/>
  <system-out/>
</testsuite> <!-- RestAssuredExpamples.getRequest -->
