<?xml version="1.0" encoding="UTF-8"?>
<!-- Generated by org.testng.reporters.JUnitReportReporter -->
<testsuite hostname="DESKTOP-UR1OLIF" failures="0" tests="6" name="org.invocation.Invocationcount" time="0.022" errors="0" timestamp="2022-02-26T12:00:40 IST" skipped="0">
  <testcase classname="org.invocation.Invocationcount" name="test" time="0.014"/>
  <system-out/>
  <testcase classname="org.invocation.Invocationcount" name="test" time="0.002"/>
  <system-out/>
  <testcase classname="org.invocation.Invocationcount" name="test" time="0.001"/>
  <system-out/>
  <testcase classname="org.invocation.Invocationcount" name="test" time="0.002"/>
  <system-out/>
  <testcase classname="org.invocation.Invocationcount" name="test" time="0.002"/>
  <system-out/>
  <testcase classname="org.invocation.Invocationcount" name="test" time="0.001"/>
  <system-out/>
</testsuite> <!-- org.invocation.Invocationcount -->
