<?xml version="1.0" encoding="UTF-8"?>
<!-- Generated by org.testng.reporters.JUnitReportReporter -->
<testsuite hostname="DESKTOP-UR1OLIF" failures="0" tests="1" name="org.searchpage.GoodFriendSearchPage" time="18.627" errors="0" timestamp="2022-05-05T15:43:20 IST" skipped="0">
  <testcase classname="org.searchpage.GoodFriendSearchPage" name="searchGoodFreind" time="18.627"/>
  <system-out/>
</testsuite> <!-- org.searchpage.GoodFriendSearchPage -->
