<?xml version="1.0" encoding="UTF-8"?>
<!-- Generated by org.testng.reporters.JUnitReportReporter -->
<testsuite hostname="DESKTOP-UR1OLIF" failures="0" tests="1" name="org.actitestcases.ActiLoginTc" time="3.308" errors="0" timestamp="2022-03-02T13:29:25 IST" skipped="0">
  <testcase classname="org.actitestcases.ActiLoginTc" name="loginTest" time="3.308"/>
  <system-out/>
</testsuite> <!-- org.actitestcases.ActiLoginTc -->
