<?xml version="1.0" encoding="UTF-8"?>
<!-- Generated by org.testng.reporters.JUnitReportReporter -->
<testsuite hostname="DESKTOP-UR1OLIF" failures="0" tests="1" name="org.prority.ProrityExp1" time="0.021" errors="0" timestamp="2022-02-22T14:44:02 IST" skipped="0">
  <testcase classname="org.prority.ProrityExp1" name="test2" time="0.021"/>
  <system-out/>
</testsuite> <!-- org.prority.ProrityExp1 -->
