<?xml version="1.0" encoding="UTF-8"?>
<!-- Generated by org.testng.reporters.JUnitReportReporter -->
<testsuite hostname="DESKTOP-UR1OLIF" failures="0" tests="1" name="org.annotations.Demo" time="0.020" errors="0" timestamp="2022-02-22T14:32:02 IST" skipped="0">
  <testcase classname="org.annotations.Demo" name="test" time="0.020"/>
  <system-out/>
</testsuite> <!-- org.annotations.Demo -->
