<?xml version="1.0" encoding="UTF-8"?>
<!-- Generated by org.testng.reporters.JUnitReportReporter -->
<testsuite hostname="DESKTOP-UR1OLIF" failures="0" tests="3" name="org.dataprovider.DataProviderExp1" time="0.011" errors="0" timestamp="2022-03-08T19:22:35 IST" skipped="0">
  <testcase classname="org.dataprovider.DataProviderExp1" name="getData" time="0.002"/>
  <system-out/>
  <testcase classname="org.dataprovider.DataProviderExp1" name="getData" time="0.002"/>
  <system-out/>
  <testcase classname="org.dataprovider.DataProviderExp1" name="getData" time="0.007"/>
  <system-out/>
</testsuite> <!-- org.dataprovider.DataProviderExp1 -->
