<?xml version="1.0" encoding="UTF-8"?>
<!-- Generated by org.testng.reporters.JUnitReportReporter -->
<testsuite skipped="0" hostname="DESKTOP-UR1OLIF" name="org.Testngintro.TestIntro" tests="2" failures="0" timestamp="2022-03-01T14:17:19 IST" time="10.681" errors="0">
  <testcase name="testFacbook" time="7.245" classname="org.Testngintro.TestIntro"/>
  <system-out/>
  <testcase name="testGoogle" time="3.436" classname="org.Testngintro.TestIntro"/>
  <system-out/>
</testsuite> <!-- org.Testngintro.TestIntro -->
