<?xml version="1.0" encoding="UTF-8"?>
<!-- Generated by org.testng.reporters.JUnitReportReporter -->
<testsuite skipped="0" hostname="DESKTOP-UR1OLIF" name="org.grouping.TestGroups" tests="9" failures="0" timestamp="2022-03-01T14:17:19 IST" time="0.004" errors="0">
  <testcase name="test7" time="0.000" classname="org.grouping.TestGroups"/>
  <system-out/>
  <testcase name="test1" time="0.001" classname="org.grouping.TestGroups"/>
  <system-out/>
  <testcase name="test3" time="0.000" classname="org.grouping.TestGroups"/>
  <system-out/>
  <testcase name="test8" time="0.000" classname="org.grouping.TestGroups"/>
  <system-out/>
  <testcase name="test4" time="0.001" classname="org.grouping.TestGroups"/>
  <system-out/>
  <testcase name="test9" time="0.001" classname="org.grouping.TestGroups"/>
  <system-out/>
  <testcase name="test2" time="0.000" classname="org.grouping.TestGroups"/>
  <system-out/>
  <testcase name="test5" time="0.001" classname="org.grouping.TestGroups"/>
  <system-out/>
  <testcase name="test6" time="0.000" classname="org.grouping.TestGroups"/>
  <system-out/>
</testsuite> <!-- org.grouping.TestGroups -->
