<?xml version="1.0" encoding="UTF-8"?>
<!-- Generated by org.testng.reporters.JUnitReportReporter -->
<testsuite skipped="0" hostname="DESKTOP-UR1OLIF" name="org.parellel.Prallelexp2" tests="2" failures="0" timestamp="2022-10-12T14:32:20 IST" time="0.048" errors="0">
  <testcase name="test4" time="0.021" classname="org.parellel.Prallelexp2"/>
  <system-out/>
  <testcase name="test3" time="0.027" classname="org.parellel.Prallelexp2"/>
  <system-out/>
</testsuite> <!-- org.parellel.Prallelexp2 -->
