<?xml version="1.0" encoding="UTF-8"?>
<!-- Generated by org.testng.reporters.JUnitReportReporter -->
<testsuite skipped="0" hostname="DESKTOP-UR1OLIF" name="org.Testngintro.TestGoogle" tests="2" failures="0" timestamp="2022-03-01T14:17:19 IST" time="12.666" errors="0">
  <testcase name="verifygoogleTitle" time="9.209" classname="org.Testngintro.TestGoogle"/>
  <system-out/>
  <testcase name="launchGoogle" time="3.457" classname="org.Testngintro.TestGoogle"/>
  <system-out/>
</testsuite> <!-- org.Testngintro.TestGoogle -->
