<?xml version="1.0" encoding="UTF-8"?>
<!-- Generated by org.testng.reporters.JUnitReportReporter -->
<testsuite skipped="0" hostname="DESKTOP-UR1OLIF" name="org.Testngintro.TestFacebook" tests="2" failures="0" timestamp="2022-03-01T14:17:19 IST" time="6.810" errors="0">
  <testcase name="launchFacebook" time="4.090" classname="org.Testngintro.TestFacebook"/>
  <system-out/>
  <testcase name="verifyTitle" time="2.720" classname="org.Testngintro.TestFacebook"/>
  <system-out/>
</testsuite> <!-- org.Testngintro.TestFacebook -->
