<?xml version="1.0" encoding="UTF-8"?>
<!-- Generated by org.testng.reporters.JUnitReportReporter -->
<testsuite skipped="0" hostname="DESKTOP-UR1OLIF" name="org.Testngintro.TestngDemo" tests="1" failures="0" timestamp="2022-03-01T14:17:19 IST" time="0.001" errors="0">
  <testcase name="test" time="0.001" classname="org.Testngintro.TestngDemo"/>
  <system-out/>
</testsuite> <!-- org.Testngintro.TestngDemo -->
