<?xml version="1.0" encoding="UTF-8"?>
<!-- Generated by org.testng.reporters.JUnitReportReporter -->
<testsuite skipped="0" hostname="DESKTOP-UR1OLIF" name="org.parellel.ParellelExp1" tests="3" failures="0" timestamp="2022-10-12T14:32:20 IST" time="0.043" errors="0">
  <testcase name="test" time="0.022" classname="org.parellel.ParellelExp1"/>
  <system-out/>
  <testcase name="test2" time="0.001" classname="org.parellel.ParellelExp1"/>
  <system-out/>
  <testcase name="test1" time="0.020" classname="org.parellel.ParellelExp1"/>
  <system-out/>
</testsuite> <!-- org.parellel.ParellelExp1 -->
